#
# A fatal error has been detected by the Java Runtime Environment:
#
#  Internal Error (javaCalls.cpp:51), pid=37096, tid=0x000000000000b500
#  guarantee(thread->is_Java_thread()) failed: crucial check - the VM thread cannot and must not escape to Java code
#
# JRE version: Java(TM) SE Runtime Environment (8.0_191-b12) (build 1.8.0_191-b12)
# Java VM: Java HotSpot(TM) 64-Bit Server VM (25.191-b12 mixed mode windows-amd64 compressed oops)
# Failed to write core dump. Minidumps are not enabled by default on client versions of Windows
#
# If you would like to submit a bug report, please visit:
#   http://bugreport.java.com/bugreport/crash.jsp
#

---------------  T H R E A D  ---------------

Current thread (0x000000001bfda000):  VMThread [stack: 0x000000001dcd0000,0x000000001ddd0000] [id=46336]

Stack: [0x000000001dcd0000,0x000000001ddd0000]
[error occurred during error reporting (printing stack bounds), id 0xc0000005]

Native frames: (J=compiled Java code, j=interpreted, Vv=VM code, C=native code)

VM_Operation (0x000000001ebff6e0): GetOrSetLocal, mode: safepoint, requested by thread 0x000000001df05000


---------------  P R O C E S S  ---------------

Java Threads: ( => current thread )
  0x000000000480e800 JavaThread "DestroyJavaVM" [_thread_blocked, id=182276, stack(0x0000000004810000,0x0000000004910000)]
  0x0000000026254800 JavaThread "main-FPSAWTAnimator#00-Timer0" [_thread_blocked, id=202796, stack(0x000000002d660000,0x000000002d760000)]
  0x00000000260e1800 JavaThread "main-SharedResourceRunner" daemon [_thread_blocked, id=76536, stack(0x0000000028870000,0x0000000028970000)]
  0x00000000202f9000 JavaThread "AWT-EventQueue-0" [_thread_blocked, id=216524, stack(0x0000000023f10000,0x0000000024010000)]
  0x00000000202d8800 JavaThread "TimerQueue" daemon [_thread_blocked, id=33628, stack(0x0000000023d10000,0x0000000023e10000)]
  0x000000001fb48000 JavaThread "AWT-Windows" daemon [_thread_in_native, id=53188, stack(0x0000000022820000,0x0000000022920000)]
  0x0000000021999000 JavaThread "AWT-Shutdown" [_thread_blocked, id=61240, stack(0x0000000022720000,0x0000000022820000)]
  0x000000001fb9c800 JavaThread "Java2D Disposer" daemon [_thread_blocked, id=69956, stack(0x00000000220a0000,0x00000000221a0000)]
  0x000000001e0ae800 JavaThread "Service Thread" daemon [_thread_blocked, id=62396, stack(0x000000001f200000,0x000000001f300000)]
  0x000000001e021800 JavaThread "C1 CompilerThread3" daemon [_thread_blocked, id=78388, stack(0x000000001f100000,0x000000001f200000)]
  0x000000001e021000 JavaThread "C2 CompilerThread2" daemon [_thread_blocked, id=71228, stack(0x000000001f000000,0x000000001f100000)]
  0x000000001e018000 JavaThread "C2 CompilerThread1" daemon [_thread_blocked, id=67004, stack(0x000000001ef00000,0x000000001f000000)]
  0x000000001e015000 JavaThread "C2 CompilerThread0" daemon [_thread_blocked, id=20836, stack(0x000000001ee00000,0x000000001ef00000)]
  0x000000001df15000 JavaThread "JDWP Command Reader" daemon [_thread_in_native, id=63772, stack(0x000000001ed00000,0x000000001ee00000)]
  0x000000001df12000 JavaThread "JDWP Event Helper Thread" daemon [_thread_blocked, id=67968, stack(0x000000001ec00000,0x000000001ed00000)]
  0x000000001df05000 JavaThread "JDWP Transport Listener: dt_socket" daemon [_thread_blocked, id=63744, stack(0x000000001eb00000,0x000000001ec00000)]
  0x000000001defc000 JavaThread "Attach Listener" daemon [_thread_blocked, id=64252, stack(0x000000001e6c0000,0x000000001e7c0000)]
  0x000000001defb000 JavaThread "Signal Dispatcher" daemon [_thread_blocked, id=199120, stack(0x000000001e5c0000,0x000000001e6c0000)]
  0x000000001def0800 JavaThread "Finalizer" daemon [_thread_blocked, id=53972, stack(0x000000001e2d0000,0x000000001e3d0000)]
  0x0000000004b5b000 JavaThread "Reference Handler" daemon [_thread_blocked, id=55916, stack(0x000000001ddd0000,0x000000001ded0000)]

Other Threads:
=>0x000000001bfda000 VMThread [stack: 0x000000001dcd0000,0x000000001ddd0000] [id=46336]
  0x000000001e12f000 WatcherThread [stack: 0x000000001f300000,0x000000001f400000] [id=101564]

VM state:at safepoint (normal execution)

VM Mutex/Monitor currently owned by a thread:  ([mutex/lock_event])
[0x0000000004a60150] Threads_lock - owner thread: 0x000000001bfda000

Heap:
 PSYoungGen      total 100864K, used 9500K [0x0000000780e00000, 0x0000000787a80000, 0x00000007c0000000)
  eden space 95744K, 6% used [0x0000000780e00000,0x00000007813b91a0,0x0000000786b80000)
  from space 5120K, 71% used [0x0000000787580000,0x000000078790e1c0,0x0000000787a80000)
  to   space 7680K, 0% used [0x0000000786b80000,0x0000000786b80000,0x0000000787300000)
 ParOldGen       total 60928K, used 6794K [0x0000000702a00000, 0x0000000706580000, 0x0000000780e00000)
  object space 60928K, 11% used [0x0000000702a00000,0x00000007030a2828,0x0000000706580000)
 Metaspace       used 22749K, capacity 22995K, committed 23168K, reserved 1071104K
  class space    used 2356K, capacity 2423K, committed 2432K, reserved 1048576K

Card table byte_map: [0x0000000013f20000,0x0000000014510000] byte_map_base: 0x000000001070b000

Marking Bits: (ParMarkBitMap*) 0x0000000053243e30
 Begin Bits: [0x0000000015110000, 0x0000000018068000)
 End Bits:   [0x0000000018068000, 0x000000001afc0000)

Polling page: 0x00000000047b0000

CodeCache: size=245760Kb used=9457Kb max_used=9493Kb free=236302Kb
 bounds [0x0000000004b60000, 0x0000000005520000, 0x0000000013b60000]
 total_blobs=3056 nmethods=2128 adapters=848
 compilation: enabled

Compilation events (10 events):
Event: 551.718 Thread 0x000000001e021000 2310       4       src.CollisionProcessor::findCollisions (323 bytes)
Event: 551.780 Thread 0x000000001e021000 nmethod 2310 0x0000000004ce6cd0 code [0x0000000004ce70a0, 0x0000000004ceb010]
Event: 794.270 Thread 0x000000001e018000 2311       4       src.BVNode::isLeaf (11 bytes)
Event: 794.270 Thread 0x000000001e021000 2312       4       src.CollisionProcessor::findCollisions (323 bytes)
Event: 794.270 Thread 0x000000001e018000 nmethod 2311 0x0000000004f40b50 code [0x0000000004f40c80, 0x0000000004f40cf8]
Event: 794.329 Thread 0x000000001e021000 nmethod 2312 0x0000000005509390 code [0x0000000005509760, 0x000000000550d6d0]
Event: 799.191 Thread 0x000000001e015000 2313       4       javax.vecmath.Point2d::<init> (6 bytes)
Event: 799.192 Thread 0x000000001e015000 nmethod 2313 0x0000000004cd3d10 code [0x0000000004cd3e40, 0x0000000004cd3ef8]
Event: 1227.412 Thread 0x000000001e021000 2314   !   4       sun.awt.AWTAutoShutdown::setToolkitBusy (124 bytes)
Event: 1227.430 Thread 0x000000001e021000 nmethod 2314 0x00000000050ee7d0 code [0x00000000050ee940, 0x00000000050ef1d8]

GC Heap History (10 events):
Event: 2.113 GC heap before
{Heap before GC invocations=1 (full 0):
 PSYoungGen      total 56832K, used 49152K [0x0000000780e00000, 0x0000000784d00000, 0x00000007c0000000)
  eden space 49152K, 100% used [0x0000000780e00000,0x0000000783e00000,0x0000000783e00000)
  from space 7680K, 0% used [0x0000000784580000,0x0000000784580000,0x0000000784d00000)
  to   space 7680K, 0% used [0x0000000783e00000,0x0000000783e00000,0x0000000784580000)
 ParOldGen       total 130048K, used 0K [0x0000000702a00000, 0x000000070a900000, 0x0000000780e00000)
  object space 130048K, 0% used [0x0000000702a00000,0x0000000702a00000,0x000000070a900000)
 Metaspace       used 16365K, capacity 16624K, committed 16896K, reserved 1064960K
  class space    used 1935K, capacity 2009K, committed 2048K, reserved 1048576K
Event: 2.125 GC heap after
Heap after GC invocations=1 (full 0):
 PSYoungGen      total 56832K, used 7675K [0x0000000780e00000, 0x0000000784d00000, 0x00000007c0000000)
  eden space 49152K, 0% used [0x0000000780e00000,0x0000000780e00000,0x0000000783e00000)
  from space 7680K, 99% used [0x0000000783e00000,0x000000078457ecd0,0x0000000784580000)
  to   space 7680K, 0% used [0x0000000784580000,0x0000000784580000,0x0000000784d00000)
 ParOldGen       total 130048K, used 1741K [0x0000000702a00000, 0x000000070a900000, 0x0000000780e00000)
  object space 130048K, 1% used [0x0000000702a00000,0x0000000702bb3600,0x000000070a900000)
 Metaspace       used 16365K, capacity 16624K, committed 16896K, reserved 1064960K
  class space    used 1935K, capacity 2009K, committed 2048K, reserved 1048576K
}
Event: 9.691 GC heap before
{Heap before GC invocations=2 (full 0):
 PSYoungGen      total 56832K, used 56691K [0x0000000780e00000, 0x0000000784d00000, 0x00000007c0000000)
  eden space 49152K, 99% used [0x0000000780e00000,0x0000000783dde128,0x0000000783e00000)
  from space 7680K, 99% used [0x0000000783e00000,0x000000078457ecd0,0x0000000784580000)
  to   space 7680K, 0% used [0x0000000784580000,0x0000000784580000,0x0000000784d00000)
 ParOldGen       total 130048K, used 1741K [0x0000000702a00000, 0x000000070a900000, 0x0000000780e00000)
  object space 130048K, 1% used [0x0000000702a00000,0x0000000702bb3600,0x000000070a900000)
 Metaspace       used 20744K, capacity 21020K, committed 21248K, reserved 1069056K
  class space    used 2224K, capacity 2296K, committed 2304K, reserved 1048576K
Event: 9.698 GC heap after
Heap after GC invocations=2 (full 0):
 PSYoungGen      total 56832K, used 7514K [0x0000000780e00000, 0x0000000784d00000, 0x00000007c0000000)
  eden space 49152K, 0% used [0x0000000780e00000,0x0000000780e00000,0x0000000783e00000)
  from space 7680K, 97% used [0x0000000784580000,0x0000000784cd6b40,0x0000000784d00000)
  to   space 7680K, 0% used [0x0000000783e00000,0x0000000783e00000,0x0000000784580000)
 ParOldGen       total 130048K, used 1749K [0x0000000702a00000, 0x000000070a900000, 0x0000000780e00000)
  object space 130048K, 1% used [0x0000000702a00000,0x0000000702bb5600,0x000000070a900000)
 Metaspace       used 20744K, capacity 21020K, committed 21248K, reserved 1069056K
  class space    used 2224K, capacity 2296K, committed 2304K, reserved 1048576K
}
Event: 9.717 GC heap before
{Heap before GC invocations=3 (full 0):
 PSYoungGen      total 56832K, used 15762K [0x0000000780e00000, 0x0000000784d00000, 0x00000007c0000000)
  eden space 49152K, 16% used [0x0000000780e00000,0x000000078160de60,0x0000000783e00000)
  from space 7680K, 97% used [0x0000000784580000,0x0000000784cd6b40,0x0000000784d00000)
  to   space 7680K, 0% used [0x0000000783e00000,0x0000000783e00000,0x0000000784580000)
 ParOldGen       total 130048K, used 1749K [0x0000000702a00000, 0x000000070a900000, 0x0000000780e00000)
  object space 130048K, 1% used [0x0000000702a00000,0x0000000702bb5600,0x000000070a900000)
 Metaspace       used 20756K, capacity 21020K, committed 21248K, reserved 1069056K
  class space    used 2224K, capacity 2296K, committed 2304K, reserved 1048576K
Event: 9.723 GC heap after
Heap after GC invocations=3 (full 0):
 PSYoungGen      total 56832K, used 6830K [0x0000000780e00000, 0x0000000787d00000, 0x00000007c0000000)
  eden space 49152K, 0% used [0x0000000780e00000,0x0000000780e00000,0x0000000783e00000)
  from space 7680K, 88% used [0x0000000783e00000,0x00000007844ab8d8,0x0000000784580000)
  to   space 7680K, 0% used [0x0000000787580000,0x0000000787580000,0x0000000787d00000)
 ParOldGen       total 130048K, used 1757K [0x0000000702a00000, 0x000000070a900000, 0x0000000780e00000)
  object space 130048K, 1% used [0x0000000702a00000,0x0000000702bb7600,0x000000070a900000)
 Metaspace       used 20756K, capacity 21020K, committed 21248K, reserved 1069056K
  class space    used 2224K, capacity 2296K, committed 2304K, reserved 1048576K
}
Event: 9.723 GC heap before
{Heap before GC invocations=4 (full 1):
 PSYoungGen      total 56832K, used 6830K [0x0000000780e00000, 0x0000000787d00000, 0x00000007c0000000)
  eden space 49152K, 0% used [0x0000000780e00000,0x0000000780e00000,0x0000000783e00000)
  from space 7680K, 88% used [0x0000000783e00000,0x00000007844ab8d8,0x0000000784580000)
  to   space 7680K, 0% used [0x0000000787580000,0x0000000787580000,0x0000000787d00000)
 ParOldGen       total 130048K, used 1757K [0x0000000702a00000, 0x000000070a900000, 0x0000000780e00000)
  object space 130048K, 1% used [0x0000000702a00000,0x0000000702bb7600,0x000000070a900000)
 Metaspace       used 20756K, capacity 21020K, committed 21248K, reserved 1069056K
  class space    used 2224K, capacity 2296K, committed 2304K, reserved 1048576K
Event: 9.758 GC heap after
Heap after GC invocations=4 (full 1):
 PSYoungGen      total 56832K, used 0K [0x0000000780e00000, 0x0000000787d00000, 0x00000007c0000000)
  eden space 49152K, 0% used [0x0000000780e00000,0x0000000780e00000,0x0000000783e00000)
  from space 7680K, 0% used [0x0000000783e00000,0x0000000783e00000,0x0000000784580000)
  to   space 7680K, 0% used [0x0000000787580000,0x0000000787580000,0x0000000787d00000)
 ParOldGen       total 60928K, used 6786K [0x0000000702a00000, 0x0000000706580000, 0x0000000780e00000)
  object space 60928K, 11% used [0x0000000702a00000,0x00000007030a0828,0x0000000706580000)
 Metaspace       used 20756K, capacity 21020K, committed 21248K, reserved 1069056K
  class space    used 2224K, capacity 2296K, committed 2304K, reserved 1048576K
}
Event: 39.878 GC heap before
{Heap before GC invocations=5 (full 1):
 PSYoungGen      total 56832K, used 49152K [0x0000000780e00000, 0x0000000787d00000, 0x00000007c0000000)
  eden space 49152K, 100% used [0x0000000780e00000,0x0000000783e00000,0x0000000783e00000)
  from space 7680K, 0% used [0x0000000783e00000,0x0000000783e00000,0x0000000784580000)
  to   space 7680K, 0% used [0x0000000787580000,0x0000000787580000,0x0000000787d00000)
 ParOldGen       total 60928K, used 6786K [0x0000000702a00000, 0x0000000706580000, 0x0000000780e00000)
  object space 60928K, 11% used [0x0000000702a00000,0x00000007030a0828,0x0000000706580000)
 Metaspace       used 22639K, capacity 22867K, committed 23168K, reserved 1071104K
  class space    used 2354K, capacity 2423K, committed 2432K, reserved 1048576K
Event: 39.880 GC heap after
Heap after GC invocations=5 (full 1):
 PSYoungGen      total 100864K, used 3640K [0x0000000780e00000, 0x0000000787a80000, 0x00000007c0000000)
  eden space 95744K, 0% used [0x0000000780e00000,0x0000000780e00000,0x0000000786b80000)
  from space 5120K, 71% used [0x0000000787580000,0x000000078790e1c0,0x0000000787a80000)
  to   space 7680K, 0% used [0x0000000786b80000,0x0000000786b80000,0x0000000787300000)
 ParOldGen       total 60928K, used 6794K [0x0000000702a00000, 0x0000000706580000, 0x0000000780e00000)
  object space 60928K, 11% used [0x0000000702a00000,0x00000007030a2828,0x0000000706580000)
 Metaspace       used 22639K, capacity 22867K, committed 23168K, reserved 1071104K
  class space    used 2354K, capacity 2423K, committed 2432K, reserved 1048576K
}

Deoptimization events (10 events):
Event: 38.910 Thread 0x00000000202f9000 Uncommon trap: reason=unstable_if action=reinterpret pc=0x0000000004d53ea4 method=src.BVNode.isLeaf()Z @ 4
Event: 38.963 Thread 0x00000000202f9000 Uncommon trap: reason=unstable_if action=reinterpret pc=0x0000000005393360 method=java.lang.Integer.getChars(II[C)V @ 20
Event: 63.623 Thread 0x00000000202f9000 Uncommon trap: reason=class_check action=maybe_recompile pc=0x000000000545c740 method=src.RigidBodySystem.display(Lcom/jogamp/opengl/GLAutoDrawable;)V @ 127
Event: 136.178 Thread 0x00000000202f9000 Uncommon trap: reason=class_check action=maybe_recompile pc=0x0000000005438150 method=sun.misc.FloatingDecimal$BinaryToASCIIBuffer.appendTo(Ljava/lang/Appendable;)V @ 10
Event: 136.178 Thread 0x00000000202f9000 Uncommon trap: reason=class_check action=maybe_recompile pc=0x0000000005438150 method=sun.misc.FloatingDecimal$BinaryToASCIIBuffer.appendTo(Ljava/lang/Appendable;)V @ 10
Event: 137.388 Thread 0x00000000202f9000 Uncommon trap: reason=class_check action=maybe_recompile pc=0x0000000005438150 method=sun.misc.FloatingDecimal$BinaryToASCIIBuffer.appendTo(Ljava/lang/Appendable;)V @ 10
Event: 137.388 Thread 0x00000000202f9000 Uncommon trap: reason=class_check action=maybe_recompile pc=0x0000000005438150 method=sun.misc.FloatingDecimal$BinaryToASCIIBuffer.appendTo(Ljava/lang/Appendable;)V @ 10
Event: 422.200 Thread 0x00000000202f9000 Uncommon trap: reason=class_check action=maybe_recompile pc=0x000000000545c740 method=src.RigidBodySystem.display(Lcom/jogamp/opengl/GLAutoDrawable;)V @ 127
Event: 570.426 Thread 0x00000000202f9000 Uncommon trap: reason=class_check action=maybe_recompile pc=0x000000000545c740 method=src.RigidBodySystem.display(Lcom/jogamp/opengl/GLAutoDrawable;)V @ 127
Event: 799.191 Thread 0x00000000202f9000 Uncommon trap: reason=class_check action=maybe_recompile pc=0x000000000545c740 method=src.RigidBodySystem.display(Lcom/jogamp/opengl/GLAutoDrawable;)V @ 127

Classes redefined (2 events):
Event: 948.125 Thread 0x000000001bfda000 redefined class name=src.RigidBodySystem, count=1
Event: 1366.173 Thread 0x000000001bfda000 redefined class name=src.RigidBodySystem, count=2

Internal exceptions (10 events):
Event: 0.534 Thread 0x000000000480e800 Exception <a 'java/security/PrivilegedActionException'> (0x0000000781609b68) thrown at [C:\re\workspace\8-2-build-windows-amd64-cygwin\jdk8u191\11896\hotspot\src\share\vm\prims\jvm.cpp, line 1435]
Event: 0.535 Thread 0x000000000480e800 Exception <a 'java/security/PrivilegedActionException'> (0x000000078160d9c0) thrown at [C:\re\workspace\8-2-build-windows-amd64-cygwin\jdk8u191\11896\hotspot\src\share\vm\prims\jvm.cpp, line 1435]
Event: 0.535 Thread 0x000000000480e800 Exception <a 'java/security/PrivilegedActionException'> (0x000000078160ddb8) thrown at [C:\re\workspace\8-2-build-windows-amd64-cygwin\jdk8u191\11896\hotspot\src\share\vm\prims\jvm.cpp, line 1435]
Event: 0.625 Thread 0x000000000480e800 Exception <a 'java/io/FileNotFoundException'> (0x00000007818853b8) thrown at [C:\re\workspace\8-2-build-windows-amd64-cygwin\jdk8u191\11896\hotspot\src\share\vm\prims\jni.cpp, line 709]
Event: 0.705 Thread 0x000000000480e800 Exception <a 'java/lang/NoSuchFieldError': method resolution failed> (0x00000007819a8d88) thrown at [C:\re\workspace\8-2-build-windows-amd64-cygwin\jdk8u191\11896\hotspot\src\share\vm\prims\methodHandles.cpp, line 1167]
Event: 0.710 Thread 0x000000000480e800 Exception <a 'java/lang/NoSuchFieldError': method resolution failed> (0x00000007819b70d0) thrown at [C:\re\workspace\8-2-build-windows-amd64-cygwin\jdk8u191\11896\hotspot\src\share\vm\prims\methodHandles.cpp, line 1167]
Event: 1.057 Thread 0x000000000480e800 Exception <a 'java/io/FileNotFoundException'> (0x00000007821565b0) thrown at [C:\re\workspace\8-2-build-windows-amd64-cygwin\jdk8u191\11896\hotspot\src\share\vm\prims\jni.cpp, line 709]
Event: 1.617 Thread 0x00000000202f9000 Implicit null exception at 0x0000000004f5f370 to 0x0000000004f5f3cc
Event: 5.520 Thread 0x000000000480e800 Exception <a 'java/lang/reflect/InvocationTargetException'> (0x00000007839d70b8) thrown at [C:\re\workspace\8-2-build-windows-amd64-cygwin\jdk8u191\11896\hotspot\src\share\vm\runtime\reflection.cpp, line 1092]
Event: 5.586 Thread 0x000000000480e800 Implicit null exception at 0x0000000004ddf6c3 to 0x0000000004ddfb4d

Events (10 events):
Event: 1366.196 Executing VM operation: GetCurrentContendedMonitor done
Event: 1366.197 Executing VM operation: GetOwnedMonitorInfo
Event: 1366.197 Executing VM operation: GetOwnedMonitorInfo done
Event: 1366.197 Executing VM operation: GetCurrentContendedMonitor
Event: 1366.197 Executing VM operation: GetCurrentContendedMonitor done
Event: 1366.197 Executing VM operation: GetCurrentContendedMonitor
Event: 1366.197 Executing VM operation: GetCurrentContendedMonitor done
Event: 1366.197 Executing VM operation: GetOwnedMonitorInfo
Event: 1366.197 Executing VM operation: GetOwnedMonitorInfo done
Event: 1366.302 Executing VM operation: GetOrSetLocal


Dynamic libraries:
0x00007ff69a740000 - 0x00007ff69a777000 	C:\Program Files\Java\jre1.8.0_191\bin\javaw.exe
0x00007ff8764a0000 - 0x00007ff876680000 	C:\WINDOWS\SYSTEM32\ntdll.dll
0x00007ff876330000 - 0x00007ff8763de000 	C:\WINDOWS\System32\KERNEL32.DLL
0x00007ff8728a0000 - 0x00007ff872b06000 	C:\WINDOWS\System32\KERNELBASE.dll
0x00007ff874650000 - 0x00007ff8746f1000 	C:\WINDOWS\System32\ADVAPI32.dll
0x00007ff874700000 - 0x00007ff87479d000 	C:\WINDOWS\System32\msvcrt.dll
0x00007ff873e60000 - 0x00007ff873ebb000 	C:\WINDOWS\System32\sechost.dll
0x00007ff8743a0000 - 0x00007ff8744bf000 	C:\WINDOWS\System32\RPCRT4.dll
0x00007ff8744c0000 - 0x00007ff87464f000 	C:\WINDOWS\System32\USER32.dll
0x00007ff872c40000 - 0x00007ff872c60000 	C:\WINDOWS\System32\win32u.dll
0x00007ff873970000 - 0x00007ff873998000 	C:\WINDOWS\System32\GDI32.dll
0x00007ff872f80000 - 0x00007ff873113000 	C:\WINDOWS\System32\gdi32full.dll
0x00007ff872ee0000 - 0x00007ff872f7b000 	C:\WINDOWS\System32\msvcp_win.dll
0x00007ff873120000 - 0x00007ff873214000 	C:\WINDOWS\System32\ucrtbase.dll
0x00007ff861250000 - 0x00007ff8614b9000 	C:\WINDOWS\WinSxS\amd64_microsoft.windows.common-controls_6595b64144ccf1df_6.0.16299.1087_none_0f9074b65a6589b7\COMCTL32.dll
0x00007ff8739a0000 - 0x00007ff873ca6000 	C:\WINDOWS\System32\combase.dll
0x00007ff872bc0000 - 0x00007ff872c32000 	C:\WINDOWS\System32\bcryptPrimitives.dll
0x00007ff874cd0000 - 0x00007ff874cfd000 	C:\WINDOWS\System32\IMM32.DLL
0x0000000054060000 - 0x0000000054132000 	C:\Program Files\Java\jre1.8.0_191\bin\msvcr100.dll
0x0000000052a20000 - 0x00000000532c4000 	C:\Program Files\Java\jre1.8.0_191\bin\server\jvm.dll
0x00007ff876250000 - 0x00007ff876258000 	C:\WINDOWS\System32\PSAPI.DLL
0x00007ff86d210000 - 0x00007ff86d233000 	C:\WINDOWS\SYSTEM32\WINMM.dll
0x00007ff860c50000 - 0x00007ff860c59000 	C:\WINDOWS\SYSTEM32\WSOCK32.dll
0x00007ff86a5b0000 - 0x00007ff86a5ba000 	C:\WINDOWS\SYSTEM32\VERSION.dll
0x00007ff874c60000 - 0x00007ff874ccc000 	C:\WINDOWS\System32\WS2_32.dll
0x00007ff86d0f0000 - 0x00007ff86d11a000 	C:\WINDOWS\SYSTEM32\WINMMBASE.dll
0x00007ff872b10000 - 0x00007ff872b5a000 	C:\WINDOWS\System32\cfgmgr32.dll
0x0000000053eb0000 - 0x0000000053ebf000 	C:\Program Files\Java\jre1.8.0_191\bin\verify.dll
0x0000000053e80000 - 0x0000000053ea9000 	C:\Program Files\Java\jre1.8.0_191\bin\java.dll
0x0000000052590000 - 0x00000000525c5000 	C:\Program Files\Java\jre1.8.0_191\bin\jdwp.dll
0x00000000532d0000 - 0x00000000532d8000 	C:\Program Files\Java\jre1.8.0_191\bin\npt.dll
0x0000000052560000 - 0x0000000052583000 	C:\Program Files\Java\jre1.8.0_191\bin\instrument.dll
0x0000000053e60000 - 0x0000000053e76000 	C:\Program Files\Java\jre1.8.0_191\bin\zip.dll
0x00007ff874e10000 - 0x00007ff876248000 	C:\WINDOWS\System32\SHELL32.dll
0x00007ff8742f0000 - 0x00007ff874396000 	C:\WINDOWS\System32\shcore.dll
0x00007ff873220000 - 0x00007ff873967000 	C:\WINDOWS\System32\windows.storage.dll
0x00007ff873e00000 - 0x00007ff873e51000 	C:\WINDOWS\System32\shlwapi.dll
0x00007ff872880000 - 0x00007ff872891000 	C:\WINDOWS\System32\kernel.appcore.dll
0x00007ff8727f0000 - 0x00007ff87283c000 	C:\WINDOWS\System32\powrprof.dll
0x00007ff872840000 - 0x00007ff87285b000 	C:\WINDOWS\System32\profapi.dll
0x0000000052550000 - 0x0000000052559000 	C:\Program Files\Java\jre1.8.0_191\bin\dt_socket.dll
0x00007ff85efe0000 - 0x00007ff85eff6000 	C:\WINDOWS\system32\napinsp.dll
0x00007ff85eed0000 - 0x00007ff85eeea000 	C:\WINDOWS\system32\pnrpnsp.dll
0x00007ff86f1c0000 - 0x00007ff86f1d8000 	C:\WINDOWS\system32\NLAapi.dll
0x00007ff872020000 - 0x00007ff872086000 	C:\WINDOWS\System32\mswsock.dll
0x00007ff871df0000 - 0x00007ff871ea6000 	C:\WINDOWS\SYSTEM32\DNSAPI.dll
0x00007ff874c50000 - 0x00007ff874c58000 	C:\WINDOWS\System32\NSI.dll
0x00007ff871db0000 - 0x00007ff871de9000 	C:\WINDOWS\SYSTEM32\IPHLPAPI.DLL
0x00007ff860840000 - 0x00007ff86084e000 	C:\WINDOWS\System32\winrnr.dll
0x00007ff86b0b0000 - 0x00007ff86b0c5000 	C:\WINDOWS\System32\wshbth.dll
0x00007ff86eba0000 - 0x00007ff86ec10000 	C:\WINDOWS\System32\fwpuclnt.dll
0x00007ff8722f0000 - 0x00007ff872315000 	C:\WINDOWS\SYSTEM32\bcrypt.dll
0x00007ff86ae80000 - 0x00007ff86ae8a000 	C:\Windows\System32\rasadhlp.dll
0x0000000053ec0000 - 0x0000000054059000 	C:\Program Files\Java\jre1.8.0_191\bin\awt.dll
0x00007ff876260000 - 0x00007ff876324000 	C:\WINDOWS\System32\OLEAUT32.dll
0x00007ff870940000 - 0x00007ff8709c8000 	C:\WINDOWS\SYSTEM32\apphelp.dll
0x00007ff870e70000 - 0x00007ff870e9a000 	C:\WINDOWS\system32\DWMAPI.DLL
0x00007ff870b90000 - 0x00007ff870c25000 	C:\WINDOWS\system32\uxtheme.dll
0x00007ff848930000 - 0x00007ff848a4e000 	C:\WINDOWS\system32\opengl32.dll
0x00007ff848900000 - 0x00007ff84892c000 	C:\WINDOWS\SYSTEM32\GLU32.dll
0x00007ff8740e0000 - 0x00007ff874247000 	C:\WINDOWS\System32\MSCTF.dll
0x00007ff873cb0000 - 0x00007ff873df9000 	C:\WINDOWS\System32\ole32.dll
0x00000000543c0000 - 0x0000000054407000 	C:\Program Files\Java\jre1.8.0_191\bin\fontmanager.dll
0x0000000053e40000 - 0x0000000053e5a000 	C:\Program Files\Java\jre1.8.0_191\bin\net.dll
0x0000000052a00000 - 0x0000000052a11000 	C:\Program Files\Java\jre1.8.0_191\bin\nio.dll
0x0000000053df0000 - 0x0000000053e32000 	C:\Program Files\Java\jre1.8.0_191\bin\t2k.dll
0x00007ff874250000 - 0x00007ff8742ee000 	C:\WINDOWS\System32\clbcatq.dll
0x00007ff86a690000 - 0x00007ff86a83c000 	C:\WINDOWS\SYSTEM32\WindowsCodecs.dll
0x00007ff85ea90000 - 0x00007ff85eadf000 	C:\WINDOWS\system32\dataexchange.dll
0x00007ff870370000 - 0x00007ff8704b2000 	C:\WINDOWS\system32\dcomp.dll
0x00007ff86f9e0000 - 0x00007ff86fcc2000 	C:\WINDOWS\system32\d3d11.dll
0x00007ff871640000 - 0x00007ff8716ef000 	C:\WINDOWS\system32\dxgi.dll
0x00007ff870c90000 - 0x00007ff870e0b000 	C:\WINDOWS\system32\twinapi.appcore.dll
0x00007ff870e50000 - 0x00007ff870e70000 	C:\WINDOWS\system32\RMCLIENT.dll
0x00007ff86a840000 - 0x00007ff86a8d8000 	C:\WINDOWS\System32\TextInputFramework.dll
0x00007ff86a230000 - 0x00007ff86a51e000 	C:\WINDOWS\System32\CoreUIComponents.dll
0x00007ff870290000 - 0x00007ff87036c000 	C:\WINDOWS\System32\CoreMessaging.dll
0x00007ff871910000 - 0x00007ff871941000 	C:\WINDOWS\SYSTEM32\ntmarta.dll
0x00007ff86e8b0000 - 0x00007ff86e9e6000 	C:\WINDOWS\SYSTEM32\wintypes.dll
0x00007ff8721f0000 - 0x00007ff872207000 	C:\WINDOWS\SYSTEM32\CRYPTSP.dll
0x00007ff871c20000 - 0x00007ff871c53000 	C:\WINDOWS\system32\rsaenh.dll
0x00007ff872720000 - 0x00007ff872749000 	C:\WINDOWS\SYSTEM32\USERENV.dll
0x00007ff8721e0000 - 0x00007ff8721eb000 	C:\WINDOWS\SYSTEM32\CRYPTBASE.dll
0x00007ff86e770000 - 0x00007ff86e786000 	C:\WINDOWS\SYSTEM32\dhcpcsvc6.DLL
0x00007ff86e440000 - 0x00007ff86e45a000 	C:\WINDOWS\SYSTEM32\dhcpcsvc.DLL
0x00000000637c0000 - 0x00000000637cd000 	C:\Users\otmanb\AppData\Local\Temp\jogamp_0000\file_cache\jln3261829759833911487\jln1239995408201217903\natives\windows-amd64\gluegen-rt.dll
0x00000000532e0000 - 0x00000000532e7000 	C:\Program Files\Java\jre1.8.0_191\bin\jawt.dll
0x000000006a440000 - 0x000000006a44d000 	C:\Users\otmanb\AppData\Local\Temp\jogamp_0000\file_cache\jln3261829759833911487\jln1239995408201217903\natives\windows-amd64\nativewindow_awt.dll
0x000000006c100000 - 0x000000006c10f000 	C:\Users\otmanb\AppData\Local\Temp\jogamp_0000\file_cache\jln3261829759833911487\jln1239995408201217903\natives\windows-amd64\nativewindow_win32.dll
0x0000000064500000 - 0x00000000645b1000 	C:\Users\otmanb\AppData\Local\Temp\jogamp_0000\file_cache\jln3261829759833911487\jln1239995408201217903\natives\windows-amd64\jogl_desktop.dll
0x00007ff838ef0000 - 0x00007ff839160000 	C:\Program Files\MiKTeX 2.9\miktex\bin\x64\libGLESv2.dll
0x00007ff843aa0000 - 0x00007ff843b3c000 	C:\Program Files\Java\jre1.8.0_191\bin\MSVCP140.dll
0x00007ff85e9d0000 - 0x00007ff85e9e6000 	C:\Program Files\Java\jre1.8.0_191\bin\VCRUNTIME140.dll
0x00007ff837f60000 - 0x00007ff8380f5000 	C:\WINDOWS\SYSTEM32\d3d9.dll
0x0000000064340000 - 0x00000000643a2000 	C:\Users\otmanb\AppData\Local\Temp\jogamp_0000\file_cache\jln3261829759833911487\jln1239995408201217903\natives\windows-amd64\jogl_mobile.dll
0x0000000075d10000 - 0x0000000077ff2000 	C:\WINDOWS\SYSTEM32\nvoglv64.DLL
0x00007ff8747a0000 - 0x00007ff874bee000 	C:\WINDOWS\System32\SETUPAPI.dll
0x00007ff86e870000 - 0x00007ff86e883000 	C:\WINDOWS\SYSTEM32\WTSAPI32.dll
0x00007ff8725a0000 - 0x00007ff8725c7000 	C:\WINDOWS\SYSTEM32\DEVOBJ.dll
0x00007ff872b60000 - 0x00007ff872bb9000 	C:\WINDOWS\System32\WINTRUST.dll
0x00007ff872860000 - 0x00007ff872872000 	C:\WINDOWS\System32\MSASN1.dll
0x00007ff872d10000 - 0x00007ff872ede000 	C:\WINDOWS\System32\CRYPT32.dll
0x00007ff83ca00000 - 0x00007ff83cc54000 	C:\WINDOWS\system32\nvspcap64.dll
0x00007ff872690000 - 0x00007ff8726e5000 	C:\WINDOWS\SYSTEM32\WINSTA.dll
0x00007ff83e470000 - 0x00007ff83e55a000 	C:\WINDOWS\System32\DriverStore\FileRepository\nvlti.inf_amd64_4cc30c56306db659\nvldumdx.dll
0x00007ff8763f0000 - 0x00007ff87640d000 	C:\WINDOWS\System32\imagehlp.dll
0x00007ff82cc90000 - 0x00007ff82e7f9000 	C:\WINDOWS\System32\DriverStore\FileRepository\nvlti.inf_amd64_4cc30c56306db659\nvwgf2umx.dll
0x00007ff862890000 - 0x00007ff862d10000 	C:\WINDOWS\system32\nvapi64.dll
0x00007ff8654a0000 - 0x00007ff866897000 	C:\WINDOWS\System32\DriverStore\FileRepository\igdlh64.inf_amd64_1a33d2f73651d989\igd10iumd64.dll
0x00007ff8722c0000 - 0x00007ff8722e6000 	C:\WINDOWS\SYSTEM32\ncrypt.dll
0x00007ff872280000 - 0x00007ff8722b6000 	C:\WINDOWS\SYSTEM32\NTASN1.dll
0x00007ff8633e0000 - 0x00007ff865175000 	C:\WINDOWS\System32\DriverStore\FileRepository\igdlh64.inf_amd64_1a33d2f73651d989\igc64.dll

VM Arguments:
jvm_args: -agentlib:jdwp=transport=dt_socket,suspend=y,address=localhost:55856 -javaagent:C:\Users\otmanb\eclipse\java-2019-06\eclipse\configuration\org.eclipse.osgi\226\0\.cp\lib\javaagent-shaded.jar -Dfile.encoding=Cp1252 
java_command: src.LCPApp
java_class_path (initial): C:\Users\otmanb\Desktop\MergingRigidBodies\Sleeping and Merging Bodies\MergingBodiesProj\bin;C:\Users\otmanb\Desktop\MergingRigidBodies\Sleeping and Merging Bodies\MergingBodiesProj\jars\mintools.jar;C:\Users\otmanb\Desktop\MergingRigidBodies\Sleeping and Merging Bodies\MergingBodiesProj\jars\mtjsrc.zip;C:\Users\otmanb\Desktop\MergingRigidBodies\Sleeping and Merging Bodies\MergingBodiesProj\jars\vecmath.jar;C:\Users\otmanb\Desktop\MergingRigidBodies\Java Libraries\jogamp-all-platforms\jar\gluegen-rt.jar;C:\Users\otmanb\Desktop\MergingRigidBodies\Java Libraries\jogamp-all-platforms\jar\jogl-all.jar;C:\Users\otmanb\Desktop\MergingRigidBodies\Sleeping and Merging Bodies\MergingBodiesProj\jars\mtj.jar;C:\Users\otmanb\eclipse\java-2019-06\eclipse\configuration\org.eclipse.osgi\226\0\.cp\lib\javaagent-shaded.jar
Launcher Type: SUN_STANDARD

Environment Variables:
PATH=C:/Program Files/Java/jre1.8.0_191/bin/server;C:/Program Files/Java/jre1.8.0_191/bin;C:/Program Files/Java/jre1.8.0_191/lib/amd64;C:\Program Files\gs\gs9.27\bin;C:\Program Files (x86)\Common Files\Oracle\Java\javapath;C:\Program Files\MATLAB\R2018b\bin\win64;C:\Program Files (x86)\Google\Drive;C:\Program Files (x86)\IntelSWTools\compilers_and_libraries_2018.0.124\windows\mpi\intel64\bin;C:\Program Files (x86)\Common Files\Intel\Shared Libraries\redist\intel64_win\mpirt;C:\Program Files (x86)\Common Files\Intel\Shared Libraries\redist\ia32_win\mpirt;C:\Program Files (x86)\Common Files\Intel\Shared Libraries\redist\intel64_win\compiler;C:\Program Files (x86)\Common Files\Intel\Shared Libraries\redist\ia32_win\compiler;C:\GNUWin32\bin;C:\Program Files\7-Zip;C:\Program Files (x86)\Microsoft Visual Studio 10.0\VC\bin;C:\ProgramData\Oracle\Java\javapath;C:\WINDOWS\system32;C:\WINDOWS;C:\WINDOWS\System32\Wbem;C:\WINDOWS\System32\WindowsPowerShell\v1.0\;C:\Program Files\TortoiseSVN\bin;C:\Program Files (x86)\NVIDIA Corporation\PhysX\Common;C:\Program Files\Microsoft SQL Server\130\Tools\Binn\;C:\Program Files\MiKTeX 2.9\miktex\bin\x64\;C:\Program Files (x86)\PharosSystems\Core;C:\WINDOWS\system32;C:\WINDOWS;C:\WINDOWS\System32\Wbem;C:\WINDOWS\System32\WindowsPowerShell\v1.0\;C:\ProgramData\Anaconda2;C:\ProgramData\Anaconda2\Scripts;C:\ProgramData\Anaconda2\Library\bin;C:\Users\otmanb\.dnx\bin;C:\Program Files\Microsoft DNX\Dnvm\;C:\Program Files\CMake\bin;C:\Program Files\Git\cmd;C:\Program Files\TortoiseGit\bin;C:\Program Files\dotnet\;C:\Users\otmanb\AppData\Local\Microsoft\WindowsApps;;C:\WINDOWS\system32;
USERNAME=otmanb
OS=Windows_NT
PROCESSOR_IDENTIFIER=Intel64 Family 6 Model 94 Stepping 3, GenuineIntel



---------------  S Y S T E M  ---------------

OS: Windows 10.0 , 64 bit Build 16299 (10.0.16299.1087)

CPU:total 8 (initial active 8) (4 cores per cpu, 2 threads per core) family 6 model 94 stepping 3, cmov, cx8, fxsr, mmx, sse, sse2, sse3, ssse3, sse4.1, sse4.2, popcnt, avx, avx2, aes, clmul, erms, rtm, 3dnowpref, lzcnt, ht, tsc, tscinvbit, bmi1, bmi2, adx

Memory: 4k page, physical 12406656k(6129648k free), swap 28400908k(5441440k free)

vm_info: Java HotSpot(TM) 64-Bit Server VM (25.191-b12) for windows-amd64 JRE (1.8.0_191-b12), built on Oct  6 2018 09:29:03 by "java_re" with MS VC++ 10.0 (VS2010)

time: Tue Jul 30 16:22:48 2019
elapsed time: 1366 seconds (0d 0h 22m 46s)

