#
# A fatal error has been detected by the Java Runtime Environment:
#
#  Internal Error (javaCalls.cpp:51), pid=40972, tid=0x00000000000121f0
#  guarantee(thread->is_Java_thread()) failed: crucial check - the VM thread cannot and must not escape to Java code
#
# JRE version: Java(TM) SE Runtime Environment (8.0_191-b12) (build 1.8.0_191-b12)
# Java VM: Java HotSpot(TM) 64-Bit Server VM (25.191-b12 mixed mode windows-amd64 compressed oops)
# Failed to write core dump. Minidumps are not enabled by default on client versions of Windows
#
# If you would like to submit a bug report, please visit:
#   http://bugreport.java.com/bugreport/crash.jsp
#

---------------  T H R E A D  ---------------

Current thread (0x000000001c519800):  VMThread [stack: 0x000000001e1e0000,0x000000001e2e0000] [id=74224]

Stack: [0x000000001e1e0000,0x000000001e2e0000]
[error occurred during error reporting (printing stack bounds), id 0xc0000005]

Native frames: (J=compiled Java code, j=interpreted, Vv=VM code, C=native code)

VM_Operation (0x000000001f10f930): GetOrSetLocal, mode: safepoint, requested by thread 0x000000001e416800


---------------  P R O C E S S  ---------------

Java Threads: ( => current thread )
  0x0000000004e9e800 JavaThread "DestroyJavaVM" [_thread_blocked, id=42968, stack(0x0000000004d30000,0x0000000004e30000)]
  0x0000000028ba1000 JavaThread "main-FPSAWTAnimator#00-Timer0" [_thread_blocked, id=86284, stack(0x000000002e880000,0x000000002e980000)]
  0x000000002604e800 JavaThread "main-SharedResourceRunner" daemon [_thread_blocked, id=216920, stack(0x0000000027ad0000,0x0000000027bd0000)]
  0x0000000020b1d000 JavaThread "AWT-EventQueue-0" [_thread_blocked, id=143816, stack(0x0000000024820000,0x0000000024920000)]
  0x000000001fc23000 JavaThread "TimerQueue" daemon [_thread_blocked, id=141872, stack(0x0000000024720000,0x0000000024820000)]
  0x000000002100c000 JavaThread "AWT-Windows" daemon [_thread_in_native, id=213316, stack(0x0000000022d20000,0x0000000022e20000)]
  0x0000000020fe4800 JavaThread "AWT-Shutdown" [_thread_blocked, id=37100, stack(0x0000000022c20000,0x0000000022d20000)]
  0x0000000021a66800 JavaThread "Java2D Disposer" daemon [_thread_blocked, id=183880, stack(0x00000000225a0000,0x00000000226a0000)]
  0x000000001e522000 JavaThread "Service Thread" daemon [_thread_blocked, id=184140, stack(0x000000001f710000,0x000000001f810000)]
  0x000000001e52b800 JavaThread "C1 CompilerThread3" daemon [_thread_blocked, id=173356, stack(0x000000001f610000,0x000000001f710000)]
  0x000000001e52a800 JavaThread "C2 CompilerThread2" daemon [_thread_blocked, id=188996, stack(0x000000001f510000,0x000000001f610000)]
  0x000000001e52a000 JavaThread "C2 CompilerThread1" daemon [_thread_blocked, id=217456, stack(0x000000001f410000,0x000000001f510000)]
  0x000000001e527000 JavaThread "C2 CompilerThread0" daemon [_thread_blocked, id=100688, stack(0x000000001f310000,0x000000001f410000)]
  0x000000001e425000 JavaThread "JDWP Command Reader" daemon [_thread_in_native, id=173968, stack(0x000000001f210000,0x000000001f310000)]
  0x000000001e421800 JavaThread "JDWP Event Helper Thread" daemon [_thread_blocked, id=209476, stack(0x000000001f110000,0x000000001f210000)]
  0x000000001e416800 JavaThread "JDWP Transport Listener: dt_socket" daemon [_thread_blocked, id=207628, stack(0x000000001f010000,0x000000001f110000)]
  0x000000001e40c000 JavaThread "Attach Listener" daemon [_thread_blocked, id=216528, stack(0x000000001ebd0000,0x000000001ecd0000)]
  0x000000001e40a800 JavaThread "Signal Dispatcher" daemon [_thread_blocked, id=53104, stack(0x000000001ead0000,0x000000001ebd0000)]
  0x000000001e400800 JavaThread "Finalizer" daemon [_thread_blocked, id=62324, stack(0x000000001e7e0000,0x000000001e8e0000)]
  0x00000000050d9000 JavaThread "Reference Handler" daemon [_thread_blocked, id=83624, stack(0x000000001e2e0000,0x000000001e3e0000)]

Other Threads:
=>0x000000001c519800 VMThread [stack: 0x000000001e1e0000,0x000000001e2e0000] [id=74224]
  0x000000001e678800 WatcherThread [stack: 0x000000001f810000,0x000000001f910000] [id=73248]

VM state:at safepoint (normal execution)

VM Mutex/Monitor currently owned by a thread:  ([mutex/lock_event])
[0x0000000004fe0a50] Threads_lock - owner thread: 0x000000001c519800

Heap:
 PSYoungGen      total 56832K, used 44208K [0x0000000780e00000, 0x0000000787d00000, 0x00000007c0000000)
  eden space 49152K, 89% used [0x0000000780e00000,0x000000078392c360,0x0000000783e00000)
  from space 7680K, 0% used [0x0000000783e00000,0x0000000783e00000,0x0000000784580000)
  to   space 7680K, 0% used [0x0000000787580000,0x0000000787580000,0x0000000787d00000)
 ParOldGen       total 61440K, used 6652K [0x0000000702a00000, 0x0000000706600000, 0x0000000780e00000)
  object space 61440K, 10% used [0x0000000702a00000,0x000000070307f1e0,0x0000000706600000)
 Metaspace       used 23084K, capacity 23347K, committed 23808K, reserved 1071104K
  class space    used 2365K, capacity 2455K, committed 2560K, reserved 1048576K

Card table byte_map: [0x00000000144a0000,0x0000000014a90000] byte_map_base: 0x0000000010c8b000

Marking Bits: (ParMarkBitMap*) 0x0000000053243e30
 Begin Bits: [0x0000000015690000, 0x00000000185e8000)
 End Bits:   [0x00000000185e8000, 0x000000001b540000)

Polling page: 0x00000000030e0000

CodeCache: size=245760Kb used=9849Kb max_used=9876Kb free=235910Kb
 bounds [0x00000000050e0000, 0x0000000005ac0000, 0x00000000140e0000]
 total_blobs=3140 nmethods=2211 adapters=849
 compilation: enabled

Compilation events (10 events):
Event: 729.789 Thread 0x000000001e52b800 2402       3       sun.awt.GlobalCursorManager::updateCursorLater (23 bytes)
Event: 729.789 Thread 0x000000001e52b800 nmethod 2402 0x0000000005256850 code [0x0000000005256a20, 0x0000000005257138]
Event: 2503.490 Thread 0x000000001e527000 2403       4       org.eclipse.jdt.launching.internal.org.objectweb.asm.SymbolTable::addConstantIntegerOrFloat (100 bytes)
Event: 2503.536 Thread 0x000000001e527000 nmethod 2403 0x0000000005245610 code [0x00000000052457a0, 0x0000000005246658]
Event: 2657.738 Thread 0x000000001e52a800 2404       4       org.eclipse.jdt.launching.internal.org.objectweb.asm.ClassReader::readUTF8 (23 bytes)
Event: 2657.761 Thread 0x000000001e52a800 nmethod 2404 0x00000000052d7650 code [0x00000000052d77a0, 0x00000000052d7b28]
Event: 2686.433 Thread 0x000000001e52a000 2405       4       org.eclipse.jdt.launching.internal.org.objectweb.asm.ByteVector::encodeUtf8 (337 bytes)
Event: 2686.479 Thread 0x000000001e52a000 nmethod 2405 0x0000000005522610 code [0x00000000055227a0, 0x0000000005523b98]
Event: 2973.113 Thread 0x000000001e52b800 2406       3       org.eclipse.jdt.launching.internal.org.objectweb.asm.ByteVector::putLong (145 bytes)
Event: 2973.114 Thread 0x000000001e52b800 nmethod 2406 0x00000000052a1b50 code [0x00000000052a1cc0, 0x00000000052a2008]

GC Heap History (8 events):
Event: 1.484 GC heap before
{Heap before GC invocations=1 (full 0):
 PSYoungGen      total 56832K, used 49152K [0x0000000780e00000, 0x0000000784d00000, 0x00000007c0000000)
  eden space 49152K, 100% used [0x0000000780e00000,0x0000000783e00000,0x0000000783e00000)
  from space 7680K, 0% used [0x0000000784580000,0x0000000784580000,0x0000000784d00000)
  to   space 7680K, 0% used [0x0000000783e00000,0x0000000783e00000,0x0000000784580000)
 ParOldGen       total 130048K, used 0K [0x0000000702a00000, 0x000000070a900000, 0x0000000780e00000)
  object space 130048K, 0% used [0x0000000702a00000,0x0000000702a00000,0x000000070a900000)
 Metaspace       used 16364K, capacity 16624K, committed 16896K, reserved 1064960K
  class space    used 1935K, capacity 2009K, committed 2048K, reserved 1048576K
Event: 1.491 GC heap after
Heap after GC invocations=1 (full 0):
 PSYoungGen      total 56832K, used 7675K [0x0000000780e00000, 0x0000000784d00000, 0x00000007c0000000)
  eden space 49152K, 0% used [0x0000000780e00000,0x0000000780e00000,0x0000000783e00000)
  from space 7680K, 99% used [0x0000000783e00000,0x000000078457ecb0,0x0000000784580000)
  to   space 7680K, 0% used [0x0000000784580000,0x0000000784580000,0x0000000784d00000)
 ParOldGen       total 130048K, used 2015K [0x0000000702a00000, 0x000000070a900000, 0x0000000780e00000)
  object space 130048K, 1% used [0x0000000702a00000,0x0000000702bf7e70,0x000000070a900000)
 Metaspace       used 16364K, capacity 16624K, committed 16896K, reserved 1064960K
  class space    used 1935K, capacity 2009K, committed 2048K, reserved 1048576K
}
Event: 5.863 GC heap before
{Heap before GC invocations=2 (full 0):
 PSYoungGen      total 56832K, used 56632K [0x0000000780e00000, 0x0000000784d00000, 0x00000007c0000000)
  eden space 49152K, 99% used [0x0000000780e00000,0x0000000783dcf428,0x0000000783e00000)
  from space 7680K, 99% used [0x0000000783e00000,0x000000078457ecb0,0x0000000784580000)
  to   space 7680K, 0% used [0x0000000784580000,0x0000000784580000,0x0000000784d00000)
 ParOldGen       total 130048K, used 2015K [0x0000000702a00000, 0x000000070a900000, 0x0000000780e00000)
  object space 130048K, 1% used [0x0000000702a00000,0x0000000702bf7e70,0x000000070a900000)
 Metaspace       used 20809K, capacity 21084K, committed 21248K, reserved 1069056K
  class space    used 2227K, capacity 2296K, committed 2304K, reserved 1048576K
Event: 5.868 GC heap after
Heap after GC invocations=2 (full 0):
 PSYoungGen      total 56832K, used 7602K [0x0000000780e00000, 0x0000000784d00000, 0x00000007c0000000)
  eden space 49152K, 0% used [0x0000000780e00000,0x0000000780e00000,0x0000000783e00000)
  from space 7680K, 98% used [0x0000000784580000,0x0000000784cecb20,0x0000000784d00000)
  to   space 7680K, 0% used [0x0000000783e00000,0x0000000783e00000,0x0000000784580000)
 ParOldGen       total 130048K, used 2023K [0x0000000702a00000, 0x000000070a900000, 0x0000000780e00000)
  object space 130048K, 1% used [0x0000000702a00000,0x0000000702bf9e70,0x000000070a900000)
 Metaspace       used 20809K, capacity 21084K, committed 21248K, reserved 1069056K
  class space    used 2227K, capacity 2296K, committed 2304K, reserved 1048576K
}
Event: 5.882 GC heap before
{Heap before GC invocations=3 (full 0):
 PSYoungGen      total 56832K, used 14896K [0x0000000780e00000, 0x0000000784d00000, 0x00000007c0000000)
  eden space 49152K, 14% used [0x0000000780e00000,0x000000078151f5e8,0x0000000783e00000)
  from space 7680K, 98% used [0x0000000784580000,0x0000000784cecb20,0x0000000784d00000)
  to   space 7680K, 0% used [0x0000000783e00000,0x0000000783e00000,0x0000000784580000)
 ParOldGen       total 130048K, used 2023K [0x0000000702a00000, 0x000000070a900000, 0x0000000780e00000)
  object space 130048K, 1% used [0x0000000702a00000,0x0000000702bf9e70,0x000000070a900000)
 Metaspace       used 20820K, capacity 21084K, committed 21248K, reserved 1069056K
  class space    used 2227K, capacity 2296K, committed 2304K, reserved 1048576K
Event: 5.886 GC heap after
Heap after GC invocations=3 (full 0):
 PSYoungGen      total 56832K, used 6475K [0x0000000780e00000, 0x0000000787d00000, 0x00000007c0000000)
  eden space 49152K, 0% used [0x0000000780e00000,0x0000000780e00000,0x0000000783e00000)
  from space 7680K, 84% used [0x0000000783e00000,0x0000000784452fa8,0x0000000784580000)
  to   space 7680K, 0% used [0x0000000787580000,0x0000000787580000,0x0000000787d00000)
 ParOldGen       total 130048K, used 2031K [0x0000000702a00000, 0x000000070a900000, 0x0000000780e00000)
  object space 130048K, 1% used [0x0000000702a00000,0x0000000702bfbe70,0x000000070a900000)
 Metaspace       used 20820K, capacity 21084K, committed 21248K, reserved 1069056K
  class space    used 2227K, capacity 2296K, committed 2304K, reserved 1048576K
}
Event: 5.886 GC heap before
{Heap before GC invocations=4 (full 1):
 PSYoungGen      total 56832K, used 6475K [0x0000000780e00000, 0x0000000787d00000, 0x00000007c0000000)
  eden space 49152K, 0% used [0x0000000780e00000,0x0000000780e00000,0x0000000783e00000)
  from space 7680K, 84% used [0x0000000783e00000,0x0000000784452fa8,0x0000000784580000)
  to   space 7680K, 0% used [0x0000000787580000,0x0000000787580000,0x0000000787d00000)
 ParOldGen       total 130048K, used 2031K [0x0000000702a00000, 0x000000070a900000, 0x0000000780e00000)
  object space 130048K, 1% used [0x0000000702a00000,0x0000000702bfbe70,0x000000070a900000)
 Metaspace       used 20820K, capacity 21084K, committed 21248K, reserved 1069056K
  class space    used 2227K, capacity 2296K, committed 2304K, reserved 1048576K
Event: 5.912 GC heap after
Heap after GC invocations=4 (full 1):
 PSYoungGen      total 56832K, used 0K [0x0000000780e00000, 0x0000000787d00000, 0x00000007c0000000)
  eden space 49152K, 0% used [0x0000000780e00000,0x0000000780e00000,0x0000000783e00000)
  from space 7680K, 0% used [0x0000000783e00000,0x0000000783e00000,0x0000000784580000)
  to   space 7680K, 0% used [0x0000000787580000,0x0000000787580000,0x0000000787d00000)
 ParOldGen       total 61440K, used 6652K [0x0000000702a00000, 0x0000000706600000, 0x0000000780e00000)
  object space 61440K, 10% used [0x0000000702a00000,0x000000070307f1e0,0x0000000706600000)
 Metaspace       used 20820K, capacity 21084K, committed 21248K, reserved 1069056K
  class space    used 2227K, capacity 2296K, committed 2304K, reserved 1048576K
}

Deoptimization events (10 events):
Event: 5.743 Thread 0x0000000004e9e800 Uncommon trap: reason=unstable_if action=reinterpret pc=0x000000000575d674 method=java.lang.reflect.AccessibleObject.setAccessible0(Ljava/lang/reflect/AccessibleObject;Z)V @ 4
Event: 25.915 Thread 0x0000000020b1d000 Uncommon trap: reason=unstable_if action=reinterpret pc=0x00000000052b6a70 method=src.Contact.displayConnection(Lcom/jogamp/opengl/GLAutoDrawable;)V @ 120
Event: 26.171 Thread 0x0000000020b1d000 Uncommon trap: reason=unstable_if action=reinterpret pc=0x0000000005a0c980 method=src.Contact.drawContactForce(Lcom/jogamp/opengl/GLAutoDrawable;)V @ 111
Event: 170.336 Thread 0x0000000020b1d000 Uncommon trap: reason=unstable_if action=reinterpret pc=0x00000000059d34f8 method=sun.misc.FloatingDecimal$BinaryToASCIIBuffer.estimateDecExp(JI)I @ 117
Event: 170.336 Thread 0x0000000020b1d000 Uncommon trap: reason=class_check action=maybe_recompile pc=0x0000000005a03550 method=sun.misc.FloatingDecimal$BinaryToASCIIBuffer.appendTo(Ljava/lang/Appendable;)V @ 10
Event: 170.336 Thread 0x0000000020b1d000 Uncommon trap: reason=class_check action=maybe_recompile pc=0x0000000005a03550 method=sun.misc.FloatingDecimal$BinaryToASCIIBuffer.appendTo(Ljava/lang/Appendable;)V @ 10
Event: 282.291 Thread 0x0000000020b1d000 Uncommon trap: reason=class_check action=maybe_recompile pc=0x0000000005a03550 method=sun.misc.FloatingDecimal$BinaryToASCIIBuffer.appendTo(Ljava/lang/Appendable;)V @ 10
Event: 282.291 Thread 0x0000000020b1d000 Uncommon trap: reason=class_check action=maybe_recompile pc=0x0000000005a03550 method=sun.misc.FloatingDecimal$BinaryToASCIIBuffer.appendTo(Ljava/lang/Appendable;)V @ 10
Event: 1162.682 Thread 0x0000000020b1d000 Uncommon trap: reason=unstable_if action=reinterpret pc=0x0000000005a044b4 method=sun.misc.FloatingDecimal$BinaryToASCIIBuffer.getChars([C)I @ 150
Event: 1164.339 Thread 0x0000000020b1d000 Uncommon trap: reason=unstable_if action=reinterpret pc=0x0000000005a027ac method=sun.misc.FloatingDecimal.getBinaryToASCIIConverter(DZ)Lsun/misc/FloatingDecimal$BinaryToASCIIConverter; @ 12

Classes redefined (10 events):
Event: 2453.506 Thread 0x000000001c519800 redefined class name=src.Contact, count=2
Event: 2503.511 Thread 0x000000001c519800 redefined class name=src.Contact, count=3
Event: 2627.999 Thread 0x000000001c519800 redefined class name=src.RigidCollection, count=1
Event: 2652.710 Thread 0x000000001c519800 redefined class name=src.RigidCollection, count=2
Event: 2657.761 Thread 0x000000001c519800 redefined class name=src.RigidCollection, count=3
Event: 2686.458 Thread 0x000000001c519800 redefined class name=src.RigidCollection, count=4
Event: 2798.026 Thread 0x000000001c519800 redefined class name=src.Contact, count=4
Event: 2968.394 Thread 0x000000001c519800 redefined class name=src.Contact, count=5
Event: 2973.138 Thread 0x000000001c519800 redefined class name=src.RigidBodySystem, count=1
Event: 3067.889 Thread 0x000000001c519800 redefined class name=src.RigidBodySystem, count=2

Internal exceptions (10 events):
Event: 0.416 Thread 0x0000000004e9e800 Exception <a 'java/security/PrivilegedActionException'> (0x0000000781611218) thrown at [C:\re\workspace\8-2-build-windows-amd64-cygwin\jdk8u191\11896\hotspot\src\share\vm\prims\jvm.cpp, line 1435]
Event: 0.416 Thread 0x0000000004e9e800 Exception <a 'java/security/PrivilegedActionException'> (0x0000000781611610) thrown at [C:\re\workspace\8-2-build-windows-amd64-cygwin\jdk8u191\11896\hotspot\src\share\vm\prims\jvm.cpp, line 1435]
Event: 0.417 Thread 0x0000000004e9e800 Exception <a 'java/security/PrivilegedActionException'> (0x0000000781615468) thrown at [C:\re\workspace\8-2-build-windows-amd64-cygwin\jdk8u191\11896\hotspot\src\share\vm\prims\jvm.cpp, line 1435]
Event: 0.417 Thread 0x0000000004e9e800 Exception <a 'java/security/PrivilegedActionException'> (0x0000000781615860) thrown at [C:\re\workspace\8-2-build-windows-amd64-cygwin\jdk8u191\11896\hotspot\src\share\vm\prims\jvm.cpp, line 1435]
Event: 0.489 Thread 0x0000000004e9e800 Exception <a 'java/io/FileNotFoundException'> (0x00000007818b0b30) thrown at [C:\re\workspace\8-2-build-windows-amd64-cygwin\jdk8u191\11896\hotspot\src\share\vm\prims\jni.cpp, line 709]
Event: 0.535 Thread 0x0000000004e9e800 Exception <a 'java/lang/NoSuchFieldError': method resolution failed> (0x00000007819d6b60) thrown at [C:\re\workspace\8-2-build-windows-amd64-cygwin\jdk8u191\11896\hotspot\src\share\vm\prims\methodHandles.cpp, line 1167]
Event: 0.539 Thread 0x0000000004e9e800 Exception <a 'java/lang/NoSuchFieldError': method resolution failed> (0x00000007819e4d48) thrown at [C:\re\workspace\8-2-build-windows-amd64-cygwin\jdk8u191\11896\hotspot\src\share\vm\prims\methodHandles.cpp, line 1167]
Event: 0.708 Thread 0x0000000004e9e800 Exception <a 'java/io/FileNotFoundException'> (0x00000007820a3880) thrown at [C:\re\workspace\8-2-build-windows-amd64-cygwin\jdk8u191\11896\hotspot\src\share\vm\prims\jni.cpp, line 709]
Event: 1.116 Thread 0x0000000020b1d000 Implicit null exception at 0x00000000054d3e30 to 0x00000000054d3e8c
Event: 5.754 Thread 0x0000000004e9e800 Exception <a 'java/lang/reflect/InvocationTargetException'> (0x000000078391a618) thrown at [C:\re\workspace\8-2-build-windows-amd64-cygwin\jdk8u191\11896\hotspot\src\share\vm\runtime\reflection.cpp, line 1092]

Events (10 events):
Event: 3067.960 Executing VM operation: GetCurrentContendedMonitor done
Event: 3067.961 Executing VM operation: GetOwnedMonitorInfo
Event: 3067.961 Executing VM operation: GetOwnedMonitorInfo done
Event: 3067.961 Executing VM operation: GetCurrentContendedMonitor
Event: 3067.961 Executing VM operation: GetCurrentContendedMonitor done
Event: 3067.966 Executing VM operation: GetCurrentContendedMonitor
Event: 3067.966 Executing VM operation: GetCurrentContendedMonitor done
Event: 3067.967 Executing VM operation: GetOwnedMonitorInfo
Event: 3067.967 Executing VM operation: GetOwnedMonitorInfo done
Event: 3068.515 Executing VM operation: GetOrSetLocal


Dynamic libraries:
0x00007ff69a740000 - 0x00007ff69a777000 	C:\Program Files\Java\jre1.8.0_191\bin\javaw.exe
0x00007ff8764a0000 - 0x00007ff876680000 	C:\WINDOWS\SYSTEM32\ntdll.dll
0x00007ff876330000 - 0x00007ff8763de000 	C:\WINDOWS\System32\KERNEL32.DLL
0x00007ff8728a0000 - 0x00007ff872b06000 	C:\WINDOWS\System32\KERNELBASE.dll
0x00007ff874650000 - 0x00007ff8746f1000 	C:\WINDOWS\System32\ADVAPI32.dll
0x00007ff874700000 - 0x00007ff87479d000 	C:\WINDOWS\System32\msvcrt.dll
0x00007ff873e60000 - 0x00007ff873ebb000 	C:\WINDOWS\System32\sechost.dll
0x00007ff8743a0000 - 0x00007ff8744bf000 	C:\WINDOWS\System32\RPCRT4.dll
0x00007ff8744c0000 - 0x00007ff87464f000 	C:\WINDOWS\System32\USER32.dll
0x00007ff872c40000 - 0x00007ff872c60000 	C:\WINDOWS\System32\win32u.dll
0x00007ff873970000 - 0x00007ff873998000 	C:\WINDOWS\System32\GDI32.dll
0x00007ff872f80000 - 0x00007ff873113000 	C:\WINDOWS\System32\gdi32full.dll
0x00007ff872ee0000 - 0x00007ff872f7b000 	C:\WINDOWS\System32\msvcp_win.dll
0x00007ff873120000 - 0x00007ff873214000 	C:\WINDOWS\System32\ucrtbase.dll
0x00007ff861250000 - 0x00007ff8614b9000 	C:\WINDOWS\WinSxS\amd64_microsoft.windows.common-controls_6595b64144ccf1df_6.0.16299.1087_none_0f9074b65a6589b7\COMCTL32.dll
0x00007ff8739a0000 - 0x00007ff873ca6000 	C:\WINDOWS\System32\combase.dll
0x00007ff872bc0000 - 0x00007ff872c32000 	C:\WINDOWS\System32\bcryptPrimitives.dll
0x00007ff874cd0000 - 0x00007ff874cfd000 	C:\WINDOWS\System32\IMM32.DLL
0x0000000054060000 - 0x0000000054132000 	C:\Program Files\Java\jre1.8.0_191\bin\msvcr100.dll
0x0000000052a20000 - 0x00000000532c4000 	C:\Program Files\Java\jre1.8.0_191\bin\server\jvm.dll
0x00007ff876250000 - 0x00007ff876258000 	C:\WINDOWS\System32\PSAPI.DLL
0x00007ff86d210000 - 0x00007ff86d233000 	C:\WINDOWS\SYSTEM32\WINMM.dll
0x00007ff860c50000 - 0x00007ff860c59000 	C:\WINDOWS\SYSTEM32\WSOCK32.dll
0x00007ff86a5b0000 - 0x00007ff86a5ba000 	C:\WINDOWS\SYSTEM32\VERSION.dll
0x00007ff874c60000 - 0x00007ff874ccc000 	C:\WINDOWS\System32\WS2_32.dll
0x00007ff86d0f0000 - 0x00007ff86d11a000 	C:\WINDOWS\SYSTEM32\WINMMBASE.dll
0x00007ff872b10000 - 0x00007ff872b5a000 	C:\WINDOWS\System32\cfgmgr32.dll
0x0000000053eb0000 - 0x0000000053ebf000 	C:\Program Files\Java\jre1.8.0_191\bin\verify.dll
0x0000000053e80000 - 0x0000000053ea9000 	C:\Program Files\Java\jre1.8.0_191\bin\java.dll
0x0000000054490000 - 0x00000000544c5000 	C:\Program Files\Java\jre1.8.0_191\bin\jdwp.dll
0x00000000546c0000 - 0x00000000546c8000 	C:\Program Files\Java\jre1.8.0_191\bin\npt.dll
0x0000000054460000 - 0x0000000054483000 	C:\Program Files\Java\jre1.8.0_191\bin\instrument.dll
0x0000000053e60000 - 0x0000000053e76000 	C:\Program Files\Java\jre1.8.0_191\bin\zip.dll
0x00007ff874e10000 - 0x00007ff876248000 	C:\WINDOWS\System32\SHELL32.dll
0x00007ff8742f0000 - 0x00007ff874396000 	C:\WINDOWS\System32\shcore.dll
0x00007ff873220000 - 0x00007ff873967000 	C:\WINDOWS\System32\windows.storage.dll
0x00007ff873e00000 - 0x00007ff873e51000 	C:\WINDOWS\System32\shlwapi.dll
0x00007ff872880000 - 0x00007ff872891000 	C:\WINDOWS\System32\kernel.appcore.dll
0x00007ff8727f0000 - 0x00007ff87283c000 	C:\WINDOWS\System32\powrprof.dll
0x00007ff872840000 - 0x00007ff87285b000 	C:\WINDOWS\System32\profapi.dll
0x0000000054450000 - 0x0000000054459000 	C:\Program Files\Java\jre1.8.0_191\bin\dt_socket.dll
0x00007ff85efe0000 - 0x00007ff85eff6000 	C:\WINDOWS\system32\napinsp.dll
0x00007ff85eed0000 - 0x00007ff85eeea000 	C:\WINDOWS\system32\pnrpnsp.dll
0x00007ff86f1c0000 - 0x00007ff86f1d8000 	C:\WINDOWS\system32\NLAapi.dll
0x00007ff872020000 - 0x00007ff872086000 	C:\WINDOWS\System32\mswsock.dll
0x00007ff871df0000 - 0x00007ff871ea6000 	C:\WINDOWS\SYSTEM32\DNSAPI.dll
0x00007ff874c50000 - 0x00007ff874c58000 	C:\WINDOWS\System32\NSI.dll
0x00007ff871db0000 - 0x00007ff871de9000 	C:\WINDOWS\SYSTEM32\IPHLPAPI.DLL
0x00007ff860840000 - 0x00007ff86084e000 	C:\WINDOWS\System32\winrnr.dll
0x00007ff86b0b0000 - 0x00007ff86b0c5000 	C:\WINDOWS\System32\wshbth.dll
0x00007ff86eba0000 - 0x00007ff86ec10000 	C:\WINDOWS\System32\fwpuclnt.dll
0x00007ff8722f0000 - 0x00007ff872315000 	C:\WINDOWS\SYSTEM32\bcrypt.dll
0x00007ff86ae80000 - 0x00007ff86ae8a000 	C:\Windows\System32\rasadhlp.dll
0x0000000053ec0000 - 0x0000000054059000 	C:\Program Files\Java\jre1.8.0_191\bin\awt.dll
0x00007ff876260000 - 0x00007ff876324000 	C:\WINDOWS\System32\OLEAUT32.dll
0x00007ff870940000 - 0x00007ff8709c8000 	C:\WINDOWS\SYSTEM32\apphelp.dll
0x00007ff870e70000 - 0x00007ff870e9a000 	C:\WINDOWS\system32\DWMAPI.DLL
0x00007ff870b90000 - 0x00007ff870c25000 	C:\WINDOWS\system32\uxtheme.dll
0x00007ff848930000 - 0x00007ff848a4e000 	C:\WINDOWS\system32\opengl32.dll
0x00007ff848900000 - 0x00007ff84892c000 	C:\WINDOWS\SYSTEM32\GLU32.dll
0x00007ff8740e0000 - 0x00007ff874247000 	C:\WINDOWS\System32\MSCTF.dll
0x00007ff873cb0000 - 0x00007ff873df9000 	C:\WINDOWS\System32\ole32.dll
0x00000000543c0000 - 0x0000000054407000 	C:\Program Files\Java\jre1.8.0_191\bin\fontmanager.dll
0x0000000053e40000 - 0x0000000053e5a000 	C:\Program Files\Java\jre1.8.0_191\bin\net.dll
0x0000000052a00000 - 0x0000000052a11000 	C:\Program Files\Java\jre1.8.0_191\bin\nio.dll
0x0000000053df0000 - 0x0000000053e32000 	C:\Program Files\Java\jre1.8.0_191\bin\t2k.dll
0x00007ff874250000 - 0x00007ff8742ee000 	C:\WINDOWS\System32\clbcatq.dll
0x00007ff86a690000 - 0x00007ff86a83c000 	C:\WINDOWS\SYSTEM32\WindowsCodecs.dll
0x00007ff85ea90000 - 0x00007ff85eadf000 	C:\WINDOWS\system32\dataexchange.dll
0x00007ff86f9e0000 - 0x00007ff86fcc2000 	C:\WINDOWS\system32\d3d11.dll
0x00007ff870370000 - 0x00007ff8704b2000 	C:\WINDOWS\system32\dcomp.dll
0x00007ff871640000 - 0x00007ff8716ef000 	C:\WINDOWS\system32\dxgi.dll
0x00007ff870c90000 - 0x00007ff870e0b000 	C:\WINDOWS\system32\twinapi.appcore.dll
0x00007ff870e50000 - 0x00007ff870e70000 	C:\WINDOWS\system32\RMCLIENT.dll
0x00007ff86a840000 - 0x00007ff86a8d8000 	C:\WINDOWS\System32\TextInputFramework.dll
0x00007ff86a230000 - 0x00007ff86a51e000 	C:\WINDOWS\System32\CoreUIComponents.dll
0x00007ff870290000 - 0x00007ff87036c000 	C:\WINDOWS\System32\CoreMessaging.dll
0x00007ff871910000 - 0x00007ff871941000 	C:\WINDOWS\SYSTEM32\ntmarta.dll
0x00007ff86e8b0000 - 0x00007ff86e9e6000 	C:\WINDOWS\SYSTEM32\wintypes.dll
0x00007ff8721f0000 - 0x00007ff872207000 	C:\WINDOWS\SYSTEM32\CRYPTSP.dll
0x00007ff871c20000 - 0x00007ff871c53000 	C:\WINDOWS\system32\rsaenh.dll
0x00007ff872720000 - 0x00007ff872749000 	C:\WINDOWS\SYSTEM32\USERENV.dll
0x00007ff8721e0000 - 0x00007ff8721eb000 	C:\WINDOWS\SYSTEM32\CRYPTBASE.dll
0x00007ff86e770000 - 0x00007ff86e786000 	C:\WINDOWS\SYSTEM32\dhcpcsvc6.DLL
0x00007ff86e440000 - 0x00007ff86e45a000 	C:\WINDOWS\SYSTEM32\dhcpcsvc.DLL
0x00000000637c0000 - 0x00000000637cd000 	C:\Users\otmanb\AppData\Local\Temp\jogamp_0000\file_cache\jln6232641334297181524\jln3964728618251914086\natives\windows-amd64\gluegen-rt.dll
0x0000000054440000 - 0x0000000054447000 	C:\Program Files\Java\jre1.8.0_191\bin\jawt.dll
0x000000006a440000 - 0x000000006a44d000 	C:\Users\otmanb\AppData\Local\Temp\jogamp_0000\file_cache\jln6232641334297181524\jln3964728618251914086\natives\windows-amd64\nativewindow_awt.dll
0x000000006c100000 - 0x000000006c10f000 	C:\Users\otmanb\AppData\Local\Temp\jogamp_0000\file_cache\jln6232641334297181524\jln3964728618251914086\natives\windows-amd64\nativewindow_win32.dll
0x0000000064500000 - 0x00000000645b1000 	C:\Users\otmanb\AppData\Local\Temp\jogamp_0000\file_cache\jln6232641334297181524\jln3964728618251914086\natives\windows-amd64\jogl_desktop.dll
0x00007ff838d10000 - 0x00007ff838f80000 	C:\Program Files\MiKTeX 2.9\miktex\bin\x64\libGLESv2.dll
0x00007ff843fe0000 - 0x00007ff84407c000 	C:\Program Files\Java\jre1.8.0_191\bin\MSVCP140.dll
0x00007ff86c150000 - 0x00007ff86c166000 	C:\Program Files\Java\jre1.8.0_191\bin\VCRUNTIME140.dll
0x00007ff837f60000 - 0x00007ff8380f5000 	C:\WINDOWS\SYSTEM32\d3d9.dll
0x0000000064340000 - 0x00000000643a2000 	C:\Users\otmanb\AppData\Local\Temp\jogamp_0000\file_cache\jln6232641334297181524\jln3964728618251914086\natives\windows-amd64\jogl_mobile.dll
0x0000000075d10000 - 0x0000000077ff2000 	C:\WINDOWS\SYSTEM32\nvoglv64.DLL
0x00007ff8747a0000 - 0x00007ff874bee000 	C:\WINDOWS\System32\SETUPAPI.dll
0x00007ff86e870000 - 0x00007ff86e883000 	C:\WINDOWS\SYSTEM32\WTSAPI32.dll
0x00007ff8725a0000 - 0x00007ff8725c7000 	C:\WINDOWS\SYSTEM32\DEVOBJ.dll
0x00007ff872b60000 - 0x00007ff872bb9000 	C:\WINDOWS\System32\WINTRUST.dll
0x00007ff872860000 - 0x00007ff872872000 	C:\WINDOWS\System32\MSASN1.dll
0x00007ff872d10000 - 0x00007ff872ede000 	C:\WINDOWS\System32\CRYPT32.dll
0x00007ff83ca00000 - 0x00007ff83cc54000 	C:\WINDOWS\system32\nvspcap64.dll
0x00007ff872690000 - 0x00007ff8726e5000 	C:\WINDOWS\SYSTEM32\WINSTA.dll
0x00007ff83e470000 - 0x00007ff83e55a000 	C:\WINDOWS\System32\DriverStore\FileRepository\nvlti.inf_amd64_4cc30c56306db659\nvldumdx.dll
0x00007ff8763f0000 - 0x00007ff87640d000 	C:\WINDOWS\System32\imagehlp.dll
0x00007ff82cc90000 - 0x00007ff82e7f9000 	C:\WINDOWS\System32\DriverStore\FileRepository\nvlti.inf_amd64_4cc30c56306db659\nvwgf2umx.dll
0x00007ff862890000 - 0x00007ff862d10000 	C:\WINDOWS\system32\nvapi64.dll
0x00007ff8654a0000 - 0x00007ff866897000 	C:\WINDOWS\System32\DriverStore\FileRepository\igdlh64.inf_amd64_1a33d2f73651d989\igd10iumd64.dll
0x00007ff8722c0000 - 0x00007ff8722e6000 	C:\WINDOWS\SYSTEM32\ncrypt.dll
0x00007ff872280000 - 0x00007ff8722b6000 	C:\WINDOWS\SYSTEM32\NTASN1.dll
0x00007ff8633e0000 - 0x00007ff865175000 	C:\WINDOWS\System32\DriverStore\FileRepository\igdlh64.inf_amd64_1a33d2f73651d989\igc64.dll

VM Arguments:
jvm_args: -agentlib:jdwp=transport=dt_socket,suspend=y,address=localhost:52668 -javaagent:C:\Users\otmanb\eclipse\java-2019-06\eclipse\configuration\org.eclipse.osgi\226\0\.cp\lib\javaagent-shaded.jar -Dfile.encoding=Cp1252 
java_command: src.LCPApp
java_class_path (initial): C:\Users\otmanb\Desktop\MergingRigidBodies\Sleeping and Merging Bodies\MergingBodiesProj\bin;C:\Users\otmanb\Desktop\MergingRigidBodies\Sleeping and Merging Bodies\MergingBodiesProj\jars\mintools.jar;C:\Users\otmanb\Desktop\MergingRigidBodies\Sleeping and Merging Bodies\MergingBodiesProj\jars\mtjsrc.zip;C:\Users\otmanb\Desktop\MergingRigidBodies\Sleeping and Merging Bodies\MergingBodiesProj\jars\vecmath.jar;C:\Users\otmanb\Desktop\MergingRigidBodies\Java Libraries\jogamp-all-platforms\jar\gluegen-rt.jar;C:\Users\otmanb\Desktop\MergingRigidBodies\Java Libraries\jogamp-all-platforms\jar\jogl-all.jar;C:\Users\otmanb\Desktop\MergingRigidBodies\Sleeping and Merging Bodies\MergingBodiesProj\jars\mtj.jar;C:\Users\otmanb\eclipse\java-2019-06\eclipse\configuration\org.eclipse.osgi\226\0\.cp\lib\javaagent-shaded.jar
Launcher Type: SUN_STANDARD

Environment Variables:
PATH=C:/Program Files/Java/jre1.8.0_191/bin/server;C:/Program Files/Java/jre1.8.0_191/bin;C:/Program Files/Java/jre1.8.0_191/lib/amd64;C:\Program Files\gs\gs9.27\bin;C:\Program Files (x86)\Common Files\Oracle\Java\javapath;C:\Program Files\MATLAB\R2018b\bin\win64;C:\Program Files (x86)\Google\Drive;C:\Program Files (x86)\IntelSWTools\compilers_and_libraries_2018.0.124\windows\mpi\intel64\bin;C:\Program Files (x86)\Common Files\Intel\Shared Libraries\redist\intel64_win\mpirt;C:\Program Files (x86)\Common Files\Intel\Shared Libraries\redist\ia32_win\mpirt;C:\Program Files (x86)\Common Files\Intel\Shared Libraries\redist\intel64_win\compiler;C:\Program Files (x86)\Common Files\Intel\Shared Libraries\redist\ia32_win\compiler;C:\GNUWin32\bin;C:\Program Files\7-Zip;C:\Program Files (x86)\Microsoft Visual Studio 10.0\VC\bin;C:\ProgramData\Oracle\Java\javapath;C:\WINDOWS\system32;C:\WINDOWS;C:\WINDOWS\System32\Wbem;C:\WINDOWS\System32\WindowsPowerShell\v1.0\;C:\Program Files\TortoiseSVN\bin;C:\Program Files (x86)\NVIDIA Corporation\PhysX\Common;C:\Program Files\Microsoft SQL Server\130\Tools\Binn\;C:\Program Files\MiKTeX 2.9\miktex\bin\x64\;C:\Program Files (x86)\PharosSystems\Core;C:\WINDOWS\system32;C:\WINDOWS;C:\WINDOWS\System32\Wbem;C:\WINDOWS\System32\WindowsPowerShell\v1.0\;C:\ProgramData\Anaconda2;C:\ProgramData\Anaconda2\Scripts;C:\ProgramData\Anaconda2\Library\bin;C:\Users\otmanb\.dnx\bin;C:\Program Files\Microsoft DNX\Dnvm\;C:\Program Files\CMake\bin;C:\Program Files\Git\cmd;C:\Program Files\TortoiseGit\bin;C:\Program Files\dotnet\;C:\Users\otmanb\AppData\Local\Microsoft\WindowsApps;;C:\WINDOWS\system32;
USERNAME=otmanb
OS=Windows_NT
PROCESSOR_IDENTIFIER=Intel64 Family 6 Model 94 Stepping 3, GenuineIntel



---------------  S Y S T E M  ---------------

OS: Windows 10.0 , 64 bit Build 16299 (10.0.16299.1087)

CPU:total 8 (initial active 8) (4 cores per cpu, 2 threads per core) family 6 model 94 stepping 3, cmov, cx8, fxsr, mmx, sse, sse2, sse3, ssse3, sse4.1, sse4.2, popcnt, avx, avx2, aes, clmul, erms, rtm, 3dnowpref, lzcnt, ht, tsc, tscinvbit, bmi1, bmi2, adx

Memory: 4k page, physical 12406656k(3722376k free), swap 27086720k(7410072k free)

vm_info: Java HotSpot(TM) 64-Bit Server VM (25.191-b12) for windows-amd64 JRE (1.8.0_191-b12), built on Oct  6 2018 09:29:03 by "java_re" with MS VC++ 10.0 (VS2010)

time: Thu Aug 08 15:47:56 2019
elapsed time: 3068 seconds (0d 0h 51m 8s)

